2026-03-19T09:05:01.955Z  INFO 121376 --- [ATM ISO8583 Gateway] [main] c.a.i.controller.Iso8583ControllerTest   : Starting Iso8583ControllerTest using Java 21.0.10 with PID 121376 (started by admin in C:\Users\admin\IdeaProjects\atm-iso8583-gateway)
2026-03-19T09:05:01.984Z DEBUG 121376 --- [ATM ISO8583 Gateway] [main] c.a.i.controller.Iso8583ControllerTest   : Running with Spring Boot v3.2.3, Spring v6.1.4
2026-03-19T09:05:01.987Z  INFO 121376 --- [ATM ISO8583 Gateway] [main] c.a.i.controller.Iso8583ControllerTest   : No active profile set, falling back to 1 default profile: "default"
2026-03-19T09:05:06.634Z  INFO 121376 --- [ATM ISO8583 Gateway] [main] o.s.b.t.m.w.SpringBootMockServletContext : Initializing Spring TestDispatcherServlet ''
2026-03-19T09:05:06.635Z  INFO 121376 --- [ATM ISO8583 Gateway] [main] o.s.t.web.servlet.TestDispatcherServlet  : Initializing Servlet ''
2026-03-19T09:05:06.654Z  INFO 121376 --- [ATM ISO8583 Gateway] [main] o.s.b.a.e.web.EndpointLinksResolver      : Exposing 2 endpoint(s) beneath base path '/api/actuator'
2026-03-19T09:05:06.666Z  INFO 121376 --- [ATM ISO8583 Gateway] [main] o.s.t.web.servlet.TestDispatcherServlet  : Completed initialization in 31 ms
2026-03-19T09:05:06.780Z  INFO 121376 --- [ATM ISO8583 Gateway] [main] c.a.i.controller.Iso8583ControllerTest   : Started Iso8583ControllerTest in 5.911 seconds (process running for 8.8)
2026-03-19T09:05:08.622Z  INFO 121376 --- [ATM ISO8583 Gateway] [main] c.a.i.config.RequestLoggingInterceptor   : [b77ab85d-4772-4d47-9494-33f0dce28ade] Incoming request: GET /api/iso8583/health from 127.0.0.1
2026-03-19T09:05:08.644Z DEBUG 121376 --- [ATM ISO8583 Gateway] [main] c.a.i.controller.Iso8583Controller       : Health check requested
2026-03-19T09:05:08.679Z  INFO 121376 --- [ATM ISO8583 Gateway] [main] c.a.i.config.RequestLoggingInterceptor   : [b77ab85d-4772-4d47-9494-33f0dce28ade] Request completed: GET /api/iso8583/health - Status: 200 - Duration: 58ms
2026-03-19T09:05:08.829Z  INFO 121376 --- [ATM ISO8583 Gateway] [main] c.a.i.config.RequestLoggingInterceptor   : [499687f7-d075-4a33-a2f0-17eb24797f3d] Incoming request: POST /api/iso8583/send from 127.0.0.1
2026-03-19T09:05:09.009Z  WARN 121376 --- [ATM ISO8583 Gateway] [main] c.a.i.exception.GlobalExceptionHandler   : Validation error on /api/iso8583/send: mti: MTI must be a valid 4-digit ISO 8583 message type
2026-03-19T09:05:09.033Z  INFO 121376 --- [ATM ISO8583 Gateway] [main] c.a.i.config.RequestLoggingInterceptor   : [499687f7-d075-4a33-a2f0-17eb24797f3d] Request completed: POST /api/iso8583/send - Status: 400 - Duration: 204ms
2026-03-19T09:05:09.048Z  INFO 121376 --- [ATM ISO8583 Gateway] [main] c.a.i.config.RequestLoggingInterceptor   : [TEST-REQ-123] Incoming request: GET /api/iso8583/health from 127.0.0.1
2026-03-19T09:05:09.049Z DEBUG 121376 --- [ATM ISO8583 Gateway] [main] c.a.i.controller.Iso8583Controller       : Health check requested
2026-03-19T09:05:09.050Z  INFO 121376 --- [ATM ISO8583 Gateway] [main] c.a.i.config.RequestLoggingInterceptor   : [TEST-REQ-123] Request completed: GET /api/iso8583/health - Status: 200 - Duration: 2ms
2026-03-19T09:05:09.070Z  INFO 121376 --- [ATM ISO8583 Gateway] [main] c.a.i.config.RequestLoggingInterceptor   : [bc49a45f-f063-4dec-b92a-9365f6c25253] Incoming request: POST /api/iso8583/send from 127.0.0.1
2026-03-19T09:05:09.093Z  WARN 121376 --- [ATM ISO8583 Gateway] [main] c.a.i.exception.GlobalExceptionHandler   : Validation error on /api/iso8583/send: mti: MTI is required
2026-03-19T09:05:09.098Z  INFO 121376 --- [ATM ISO8583 Gateway] [main] c.a.i.config.RequestLoggingInterceptor   : [bc49a45f-f063-4dec-b92a-9365f6c25253] Request completed: POST /api/iso8583/send - Status: 400 - Duration: 29ms
2026-03-19T09:05:09.117Z  INFO 121376 --- [ATM ISO8583 Gateway] [main] c.a.i.config.RequestLoggingInterceptor   : [b6f10b7b-4b60-4f0d-8090-b1c73d44b3c7] Incoming request: POST /api/iso8583/send from 127.0.0.1
2026-03-19T09:05:09.132Z  WARN 121376 --- [ATM ISO8583 Gateway] [main] c.a.i.exception.GlobalExceptionHandler   : Validation error on /api/iso8583/send: fields: fields must not be empty
2026-03-19T09:05:09.136Z  INFO 121376 --- [ATM ISO8583 Gateway] [main] c.a.i.config.RequestLoggingInterceptor   : [b6f10b7b-4b60-4f0d-8090-b1c73d44b3c7] Request completed: POST /api/iso8583/send - Status: 400 - Duration: 19ms
2026-03-19T09:05:09.187Z  INFO 121376 --- [ATM ISO8583 Gateway] [main] c.a.i.config.RequestLoggingInterceptor   : [d288c927-8a22-4d34-b301-f934557ec6b0] Incoming request: GET /api/iso8583/status from 127.0.0.1
2026-03-19T09:05:09.189Z DEBUG 121376 --- [ATM ISO8583 Gateway] [main] c.a.i.controller.Iso8583Controller       : Status check requested
2026-03-19T09:05:09.191Z  INFO 121376 --- [ATM ISO8583 Gateway] [main] c.a.i.config.RequestLoggingInterceptor   : [d288c927-8a22-4d34-b301-f934557ec6b0] Request completed: GET /api/iso8583/status - Status: 200 - Duration: 3ms
2026-03-19T09:09:03.899Z  INFO 116516 --- [ATM ISO8583 Gateway] [main] c.atm.iso8583.Iso8583GatewayApplication  : Starting Iso8583GatewayApplication using Java 21.0.10 with PID 116516 (C:\Users\admin\IdeaProjects\atm-iso8583-gateway\target\classes started by admin in C:\Users\admin\IdeaProjects\atm-iso8583-gateway)
2026-03-19T09:09:03.907Z DEBUG 116516 --- [ATM ISO8583 Gateway] [main] c.atm.iso8583.Iso8583GatewayApplication  : Running with Spring Boot v3.2.3, Spring v6.1.4
2026-03-19T09:09:03.914Z  INFO 116516 --- [ATM ISO8583 Gateway] [main] c.atm.iso8583.Iso8583GatewayApplication  : No active profile set, falling back to 1 default profile: "default"
2026-03-19T09:09:05.949Z  INFO 116516 --- [ATM ISO8583 Gateway] [main] o.s.b.w.embedded.tomcat.TomcatWebServer  : Tomcat initialized with port 8080 (http)
2026-03-19T09:09:05.975Z  INFO 116516 --- [ATM ISO8583 Gateway] [main] o.apache.catalina.core.StandardService   : Starting service [Tomcat]
2026-03-19T09:09:05.976Z  INFO 116516 --- [ATM ISO8583 Gateway] [main] o.apache.catalina.core.StandardEngine    : Starting Servlet engine: [Apache Tomcat/10.1.19]
2026-03-19T09:09:06.094Z  INFO 116516 --- [ATM ISO8583 Gateway] [main] o.a.c.c.C.[Tomcat].[localhost].[/]       : Initializing Spring embedded WebApplicationContext
2026-03-19T09:09:06.095Z  INFO 116516 --- [ATM ISO8583 Gateway] [main] w.s.c.ServletWebServerApplicationContext : Root WebApplicationContext: initialization completed in 2039 ms
2026-03-19T09:09:07.091Z  INFO 116516 --- [ATM ISO8583 Gateway] [main] o.s.b.a.e.web.EndpointLinksResolver      : Exposing 2 endpoint(s) beneath base path '/api/actuator'
2026-03-19T09:09:07.185Z  INFO 116516 --- [ATM ISO8583 Gateway] [main] o.s.b.w.embedded.tomcat.TomcatWebServer  : Tomcat started on port 8080 (http) with context path ''
2026-03-19T09:09:07.206Z  INFO 116516 --- [ATM ISO8583 Gateway] [main] c.atm.iso8583.Iso8583GatewayApplication  : Started Iso8583GatewayApplication in 4.053 seconds (process running for 4.597)
2026-03-19T09:12:06.515Z  INFO 116516 --- [ATM ISO8583 Gateway] [http-nio-8080-exec-2] o.a.c.c.C.[Tomcat].[localhost].[/]       : Initializing Spring DispatcherServlet 'dispatcherServlet'
2026-03-19T09:12:06.517Z  INFO 116516 --- [ATM ISO8583 Gateway] [http-nio-8080-exec-2] o.s.web.servlet.DispatcherServlet        : Initializing Servlet 'dispatcherServlet'
2026-03-19T09:12:06.519Z  INFO 116516 --- [ATM ISO8583 Gateway] [http-nio-8080-exec-2] o.s.web.servlet.DispatcherServlet        : Completed initialization in 2 ms
2026-03-19T09:12:06.595Z  INFO 116516 --- [ATM ISO8583 Gateway] [http-nio-8080-exec-2] c.a.i.config.RequestLoggingInterceptor   : [374af87b-49c9-4964-b631-89f252f3b206] Incoming request: GET /api/swagger-ui/swagger-initializer.js from 0:0:0:0:0:0:0:1
2026-03-19T09:12:06.792Z  INFO 116516 --- [ATM ISO8583 Gateway] [http-nio-8080-exec-2] c.a.i.config.RequestLoggingInterceptor   : [374af87b-49c9-4964-b631-89f252f3b206] Request completed: GET /api/swagger-ui/swagger-initializer.js - Status: 200 - Duration: 197ms
2026-03-19T09:12:19.336Z  INFO 116516 --- [ATM ISO8583 Gateway] [http-nio-8080-exec-1] c.a.i.config.RequestLoggingInterceptor   : [0d2070ed-4a52-4163-912b-4247881b08ce] Incoming request: GET /api/docs/swagger-config from 0:0:0:0:0:0:0:1
2026-03-19T09:12:19.746Z  INFO 116516 --- [ATM ISO8583 Gateway] [http-nio-8080-exec-1] c.a.i.config.RequestLoggingInterceptor   : [0d2070ed-4a52-4163-912b-4247881b08ce] Request completed: GET /api/docs/swagger-config - Status: 200 - Duration: 410ms
2026-03-19T09:12:19.973Z  INFO 116516 --- [ATM ISO8583 Gateway] [http-nio-8080-exec-3] c.a.i.config.RequestLoggingInterceptor   : [02fbb9f4-fde9-40fa-bfa2-7bb857f4097c] Incoming request: GET /api/docs from 0:0:0:0:0:0:0:1
2026-03-19T09:12:23.854Z  INFO 116516 --- [ATM ISO8583 Gateway] [http-nio-8080-exec-3] o.springdoc.api.AbstractOpenApiResource  : Init duration for springdoc-openapi is: 3856 ms
2026-03-19T09:12:23.898Z  INFO 116516 --- [ATM ISO8583 Gateway] [http-nio-8080-exec-3] c.a.i.config.RequestLoggingInterceptor   : [02fbb9f4-fde9-40fa-bfa2-7bb857f4097c] Request completed: GET /api/docs - Status: 200 - Duration: 3925ms
